<?xml version="1.0" encoding="UTF-8"?>
<!-- Generated by org.testng.reporters.JUnitXMLReporter -->
<testsuite ignored="0" hostname="UA-LAPTOP" failures="0" tests="8" name="Test" time="497.765" errors="0" timestamp="2022-10-12T08:59:13 IST">
  <testcase classname="com.test.SearchProduct" name="searchProduct" time="59.336"/>
  <testcase classname="com.test.navigatebottom" name="NavigateBottonTest" time="36.386"/>
  <testcase classname="com.test.DiffScreenResolution" name="DiffScreenResolutionTest" time="59.466"/>
  <testcase classname="com.test.HomepageAndLoadTime" name="homepageAndLoadTimeTest" time="77.15"/>
  <testcase classname="com.test.Verifyimageload" name="ImageLoadTest" time="78.057"/>
  <testcase classname="com.test.PageRefresh" name="PageRefreshTest" time="53.103"/>
  <testcase classname="com.test.ImageLoadScreenHeight" name="ImageLoadScreenHeightTest" time="23.339"/>
  <testcase classname="com.test.CheckScroll" name="scrollBarTest" time="46.206"/>
</testsuite> <!-- Test -->
