<?xml version="1.0" encoding="UTF-8"?>
<testng-results ignored="0" total="8" passed="8" failed="0" skipped="0">
  <reporter-output>
    <line>
      <![CDATA[Product Have Been Searched Successfully]]>
    </line>
    <line>
      <![CDATA[Navigated to the Bottom of the Page.]]>
    </line>
    <line>
      <![CDATA[Different browsers and screen resolutions render it in the same way.]]>
    </line>
    <line>
      <![CDATA[Total Time for page load - 77149 milliseconds <br>]]>
    </line>
    <line>
      <![CDATA[Chrome Invoked and navigated to home page]]>
    </line>
    <line>
      <![CDATA[Image is not present before scrolling]]>
    </line>
    <line>
      <![CDATA[Image is present after scrolling]]>
    </line>
    <line>
      <![CDATA[Total Content Load Time while Scrolling: 47 milliseconds]]>
    </line>
    <line>
      <![CDATA[Images are loaded and visible till the screen height only]]>
    </line>
    <line>
      <![CDATA[Horizontal Scrollbar not present on page,Vertical Scrollbar is present on page.]]>
    </line>
  </reporter-output>
  <suite started-at="2022-10-12T08:50:55 IST" name="Suite" finished-at="2022-10-12T08:59:13 IST" duration-ms="497765">
    <groups>
    </groups>
    <test started-at="2022-10-12T08:50:55 IST" name="Test" finished-at="2022-10-12T08:59:13 IST" duration-ms="497765">
      <class name="com.test.HomepageAndLoadTime">
        <test-method is-config="true" signature="setUp()[pri:0, instance:com.test.HomepageAndLoadTime@3527942a]" started-at="2022-10-12T08:50:55 IST" name="setUp" finished-at="2022-10-12T08:50:57 IST" duration-ms="2324" status="PASS">
          <reporter-output>
          </reporter-output>
        </test-method> <!-- setUp -->
        <test-method is-config="true" signature="setUp()[pri:0, instance:com.test.HomepageAndLoadTime@3527942a]" started-at="2022-10-12T08:54:00 IST" name="setUp" finished-at="2022-10-12T08:54:02 IST" duration-ms="1293" status="PASS">
          <reporter-output>
          </reporter-output>
        </test-method> <!-- setUp -->
        <test-method signature="homepageAndLoadTimeTest()[pri:0, instance:com.test.HomepageAndLoadTime@3527942a]" started-at="2022-10-12T08:54:02 IST" name="homepageAndLoadTimeTest" finished-at="2022-10-12T08:55:19 IST" duration-ms="77150" status="PASS">
          <reporter-output>
            <line>
              <![CDATA[Total Time for page load - 77149 milliseconds <br>]]>
            </line>
            <line>
              <![CDATA[Chrome Invoked and navigated to home page]]>
            </line>
          </reporter-output>
        </test-method> <!-- homepageAndLoadTimeTest -->
      </class> <!-- com.test.HomepageAndLoadTime -->
      <class name="com.test.navigatebottom">
        <test-method is-config="true" signature="beforeMethod()[pri:0, instance:com.test.navigatebottom@242b836]" started-at="2022-10-12T08:52:00 IST" name="beforeMethod" finished-at="2022-10-12T08:52:01 IST" duration-ms="1155" status="PASS">
          <reporter-output>
          </reporter-output>
        </test-method> <!-- beforeMethod -->
        <test-method signature="NavigateBottonTest()[pri:0, instance:com.test.navigatebottom@242b836]" started-at="2022-10-12T08:52:01 IST" name="NavigateBottonTest" finished-at="2022-10-12T08:52:37 IST" duration-ms="36386" status="PASS">
          <reporter-output>
            <line>
              <![CDATA[Navigated to the Bottom of the Page.]]>
            </line>
          </reporter-output>
        </test-method> <!-- NavigateBottonTest -->
        <test-method is-config="true" signature="afterMethod()[pri:0, instance:com.test.navigatebottom@242b836]" started-at="2022-10-12T08:52:37 IST" name="afterMethod" finished-at="2022-10-12T08:52:40 IST" duration-ms="3121" status="PASS">
          <reporter-output>
          </reporter-output>
        </test-method> <!-- afterMethod -->
      </class> <!-- com.test.navigatebottom -->
      <class name="com.test.DiffScreenResolution">
        <test-method is-config="true" signature="beforeMethod()[pri:0, instance:com.test.DiffScreenResolution@3f6f6701]" started-at="2022-10-12T08:52:40 IST" name="beforeMethod" finished-at="2022-10-12T08:52:42 IST" duration-ms="1118" status="PASS">
          <reporter-output>
          </reporter-output>
        </test-method> <!-- beforeMethod -->
        <test-method signature="DiffScreenResolutionTest()[pri:0, instance:com.test.DiffScreenResolution@3f6f6701]" started-at="2022-10-12T08:52:42 IST" name="DiffScreenResolutionTest" finished-at="2022-10-12T08:53:41 IST" duration-ms="59466" status="PASS">
          <reporter-output>
            <line>
              <![CDATA[Different browsers and screen resolutions render it in the same way.]]>
            </line>
          </reporter-output>
        </test-method> <!-- DiffScreenResolutionTest -->
        <test-method is-config="true" signature="afterMethod()[pri:0, instance:com.test.DiffScreenResolution@3f6f6701]" started-at="2022-10-12T08:53:41 IST" name="afterMethod" finished-at="2022-10-12T08:54:00 IST" duration-ms="19259" status="PASS">
          <reporter-output>
          </reporter-output>
        </test-method> <!-- afterMethod -->
      </class> <!-- com.test.DiffScreenResolution -->
      <class name="com.test.Verifyimageload">
        <test-method is-config="true" signature="beforeMethod()[pri:0, instance:com.test.Verifyimageload@942a29c]" started-at="2022-10-12T08:55:19 IST" name="beforeMethod" finished-at="2022-10-12T08:55:20 IST" duration-ms="1140" status="PASS">
          <reporter-output>
          </reporter-output>
        </test-method> <!-- beforeMethod -->
        <test-method signature="ImageLoadTest()[pri:0, instance:com.test.Verifyimageload@942a29c]" started-at="2022-10-12T08:55:20 IST" name="ImageLoadTest" finished-at="2022-10-12T08:56:38 IST" duration-ms="78057" status="PASS">
          <reporter-output>
            <line>
              <![CDATA[Image is not present before scrolling]]>
            </line>
            <line>
              <![CDATA[Image is present after scrolling]]>
            </line>
          </reporter-output>
        </test-method> <!-- ImageLoadTest -->
        <test-method is-config="true" signature="afterMethod()[pri:0, instance:com.test.Verifyimageload@942a29c]" started-at="2022-10-12T08:56:38 IST" name="afterMethod" finished-at="2022-10-12T08:56:41 IST" duration-ms="3164" status="PASS">
          <reporter-output>
          </reporter-output>
        </test-method> <!-- afterMethod -->
      </class> <!-- com.test.Verifyimageload -->
      <class name="com.test.SearchProduct">
        <test-method is-config="true" signature="setUp()[pri:0, instance:com.test.SearchProduct@53aac487]" started-at="2022-10-12T08:50:57 IST" name="setUp" finished-at="2022-10-12T08:50:58 IST" duration-ms="1242" status="PASS">
          <reporter-output>
          </reporter-output>
        </test-method> <!-- setUp -->
        <test-method is-config="true" signature="setUp()[pri:0, instance:com.test.SearchProduct@53aac487]" started-at="2022-10-12T08:50:59 IST" name="setUp" finished-at="2022-10-12T08:51:00 IST" duration-ms="1251" status="PASS">
          <reporter-output>
          </reporter-output>
        </test-method> <!-- setUp -->
        <test-method signature="searchProduct()[pri:0, instance:com.test.SearchProduct@53aac487]" started-at="2022-10-12T08:51:00 IST" name="searchProduct" finished-at="2022-10-12T08:51:59 IST" duration-ms="59336" status="PASS">
          <reporter-output>
            <line>
              <![CDATA[Product Have Been Searched Successfully]]>
            </line>
          </reporter-output>
        </test-method> <!-- searchProduct -->
        <test-method is-config="true" signature="tearDown()[pri:0, instance:com.test.SearchProduct@53aac487]" started-at="2022-10-12T08:51:59 IST" name="tearDown" finished-at="2022-10-12T08:52:00 IST" duration-ms="634" status="PASS">
          <reporter-output>
          </reporter-output>
        </test-method> <!-- tearDown -->
        <test-method is-config="true" signature="tearDown()[pri:0, instance:com.test.SearchProduct@53aac487]" started-at="2022-10-12T08:59:13 IST" name="tearDown" finished-at="2022-10-12T08:59:13 IST" duration-ms="2" status="PASS">
          <reporter-output>
          </reporter-output>
        </test-method> <!-- tearDown -->
      </class> <!-- com.test.SearchProduct -->
      <class name="com.test.PageRefresh">
        <test-method is-config="true" signature="beforeMethod()[pri:0, instance:com.test.PageRefresh@1ed6388a]" started-at="2022-10-12T08:56:41 IST" name="beforeMethod" finished-at="2022-10-12T08:56:42 IST" duration-ms="1113" status="PASS">
          <reporter-output>
          </reporter-output>
        </test-method> <!-- beforeMethod -->
        <test-method signature="PageRefreshTest()[pri:0, instance:com.test.PageRefresh@1ed6388a]" started-at="2022-10-12T08:56:42 IST" name="PageRefreshTest" finished-at="2022-10-12T08:57:35 IST" duration-ms="53103" status="PASS">
          <reporter-output>
            <line>
              <![CDATA[Total Content Load Time while Scrolling: 47 milliseconds]]>
            </line>
          </reporter-output>
        </test-method> <!-- PageRefreshTest -->
        <test-method is-config="true" signature="afterMethod()[pri:0, instance:com.test.PageRefresh@1ed6388a]" started-at="2022-10-12T08:57:35 IST" name="afterMethod" finished-at="2022-10-12T08:57:54 IST" duration-ms="19211" status="PASS">
          <reporter-output>
          </reporter-output>
        </test-method> <!-- afterMethod -->
      </class> <!-- com.test.PageRefresh -->
      <class name="com.test.ImageLoadScreenHeight">
        <test-method is-config="true" signature="beforeMethod()[pri:0, instance:com.test.ImageLoadScreenHeight@5a45133e]" started-at="2022-10-12T08:57:54 IST" name="beforeMethod" finished-at="2022-10-12T08:57:56 IST" duration-ms="1190" status="PASS">
          <reporter-output>
          </reporter-output>
        </test-method> <!-- beforeMethod -->
        <test-method signature="ImageLoadScreenHeightTest()[pri:0, instance:com.test.ImageLoadScreenHeight@5a45133e]" started-at="2022-10-12T08:57:56 IST" name="ImageLoadScreenHeightTest" finished-at="2022-10-12T08:58:19 IST" duration-ms="23339" status="PASS">
          <reporter-output>
            <line>
              <![CDATA[Images are loaded and visible till the screen height only]]>
            </line>
          </reporter-output>
        </test-method> <!-- ImageLoadScreenHeightTest -->
        <test-method is-config="true" signature="afterMethod()[pri:0, instance:com.test.ImageLoadScreenHeight@5a45133e]" started-at="2022-10-12T08:58:19 IST" name="afterMethod" finished-at="2022-10-12T08:58:22 IST" duration-ms="3156" status="PASS">
          <reporter-output>
          </reporter-output>
        </test-method> <!-- afterMethod -->
      </class> <!-- com.test.ImageLoadScreenHeight -->
      <class name="com.test.CheckScroll">
        <test-method is-config="true" signature="beforeMethod()[pri:0, instance:com.test.CheckScroll@534a5a98]" started-at="2022-10-12T08:58:22 IST" name="beforeMethod" finished-at="2022-10-12T08:58:23 IST" duration-ms="1187" status="PASS">
          <reporter-output>
          </reporter-output>
        </test-method> <!-- beforeMethod -->
        <test-method signature="scrollBarTest()[pri:0, instance:com.test.CheckScroll@534a5a98]" started-at="2022-10-12T08:58:23 IST" name="scrollBarTest" finished-at="2022-10-12T08:59:10 IST" duration-ms="46206" status="PASS">
          <reporter-output>
            <line>
              <![CDATA[Horizontal Scrollbar not present on page,Vertical Scrollbar is present on page.]]>
            </line>
          </reporter-output>
        </test-method> <!-- scrollBarTest -->
        <test-method is-config="true" signature="afterMethod()[pri:0, instance:com.test.CheckScroll@534a5a98]" started-at="2022-10-12T08:59:10 IST" name="afterMethod" finished-at="2022-10-12T08:59:13 IST" duration-ms="3116" status="PASS">
          <reporter-output>
          </reporter-output>
        </test-method> <!-- afterMethod -->
      </class> <!-- com.test.CheckScroll -->
    </test> <!-- Test -->
  </suite> <!-- Suite -->
</testng-results>
